<?xml version="1.0" encoding="UTF-8"?>
<testsuites name="Mocha Tests" time="6.2090" tests="4" failures="0">
  <testsuite name="Root Suite" timestamp="2022-03-16T13:40:22" tests="0" file="cypress/integration/spec/Filtrando_produtos.feature" time="0.0000" failures="0">
  </testsuite>
  <testsuite name="Filtrar produtos pelo nome e preços" timestamp="2022-03-16T13:40:22" tests="4" time="6.1920" failures="0">
    <testcase name="Filtrar produtos pelo nome e preços Filtrar produtos no painel de produtos (example #1)" time="1.8390" classname="Filtrar produtos no painel de produtos (example #1)">
    </testcase>
    <testcase name="Filtrar produtos pelo nome e preços Filtrar produtos no painel de produtos (example #2)" time="1.3440" classname="Filtrar produtos no painel de produtos (example #2)">
    </testcase>
    <testcase name="Filtrar produtos pelo nome e preços Filtrar produtos no painel de produtos (example #3)" time="1.4010" classname="Filtrar produtos no painel de produtos (example #3)">
    </testcase>
    <testcase name="Filtrar produtos pelo nome e preços Filtrar produtos no painel de produtos (example #4)" time="1.4430" classname="Filtrar produtos no painel de produtos (example #4)">
    </testcase>
  </testsuite>
</testsuites>